{"name": "test_login_fallo", "status": "failed", "statusDetails": {"message": "AssertionError: El mensaje de error no se encontró.\nassert 'Yoùr username is invalido!' in 'Your username is invalid!\\n×'\n +  where 'Your username is invalid!\\n×' = <selenium.webdriver.remote.webelement.WebElement (session=\"b6bf4b30c374d0ae762d9c8af69d96bb\", element=\"f.CCD9C8679A9504ABD7DA089EE53C4BB6.d.D28D30BD0A10CB3FE1F53361C0827444.e.30\")>.text", "trace": "setup_browser = <selenium.webdriver.chrome.webdriver.WebDriver (session=\"b6bf4b30c374d0ae762d9c8af69d96bb\")>\n\n    @allure.feature('Login Tests')\n    def test_login_fallo(setup_browser):\n        driver = setup_browser\n        try:\n            # Ingresar usuario y contraseña inválidos\n            username_field = driver.find_element(By.ID, \"username\")\n            username_field.send_keys(\"invaliduser\")\n            time.sleep(1)  # Espera para ver el texto ingresado\n            password_field = driver.find_element(By.ID, \"password\")\n            password_field.send_keys(\"invalidpassword\")\n            time.sleep(1)  # Espera para ver el texto ingresado\n            password_field.send_keys(Keys.RETURN)\n            time.sleep(3)  # Espera para que la acción se complete\n            # Verificar que el mensaje de error está presente\n            error_message = driver.find_element(By.CSS_SELECTOR, \"#flash\")\n>           assert \"Yoùr username is invalido!\" in error_message.text, \"El mensaje de error no se encontró.\"\nE           AssertionError: El mensaje de error no se encontró.\nE           assert 'Yoùr username is invalido!' in 'Your username is invalid!\\n×'\nE            +  where 'Your username is invalid!\\n×' = <selenium.webdriver.remote.webelement.WebElement (session=\"b6bf4b30c374d0ae762d9c8af69d96bb\", element=\"f.CCD9C8679A9504ABD7DA089EE53C4BB6.d.D28D30BD0A10CB3FE1F53361C0827444.e.30\")>.text\n\ntest_1_PruebaLoginBasico.py:88: AssertionError"}, "attachments": [{"name": "screenshot_error", "source": "138d04b9-ad7f-464e-8209-5c82a315b6b3-attachment.png", "type": "image/png"}, {"name": "stdout", "source": "1d07ce74-6a74-4054-95e4-195aafefb579-attachment.txt", "type": "text/plain"}], "start": 1723236486045, "stop": 1723236491413, "uuid": "452456ef-0c98-4bfc-a553-070d9ff4a8d3", "historyId": "ff3053400a71334bf6a4d5dfe2b5f232", "testCaseId": "ff3053400a71334bf6a4d5dfe2b5f232", "fullName": "test_1_PruebaLoginBasico#test_login_fallo", "labels": [{"name": "feature", "value": "Login Tests"}, {"name": "suite", "value": "test_1_PruebaLoginBasico"}, {"name": "host", "value": "DESKTOP-6A7N4QP"}, {"name": "thread", "value": "11552-MainThread"}, {"name": "framework", "value": "pytest"}, {"name": "language", "value": "cpython3"}, {"name": "package", "value": "test_1_PruebaLoginBasico"}]}