{"name": "test_login_fallo", "status": "failed", "statusDetails": {"message": "AssertionError: El mensaje de error no se encontró.\nassert 'Yoùr username is invalido!' in 'Your username is invalid!\\n×'\n +  where 'Your username is invalid!\\n×' = <selenium.webdriver.remote.webelement.WebElement (session=\"8e714aa5995ed341825e20b802eb6a98\", element=\"f.6DB87DF8F66E5A45DB131FE10F9D9E92.d.15129602741839246150D2FAB6D2F436.e.30\")>.text", "trace": "setup_browser = <selenium.webdriver.chrome.webdriver.WebDriver (session=\"8e714aa5995ed341825e20b802eb6a98\")>\n\n    @allure.feature('Login Tests')\n    def test_login_fallo(setup_browser):\n        driver = setup_browser\n        try:\n            # Ingresar usuario y contraseña inválidos\n            username_field = driver.find_element(By.ID, \"username\")\n            username_field.send_keys(\"invaliduser\")\n            time.sleep(1)  # Espera para ver el texto ingresado\n            password_field = driver.find_element(By.ID, \"password\")\n            password_field.send_keys(\"invalidpassword\")\n            time.sleep(1)  # Espera para ver el texto ingresado\n            password_field.send_keys(Keys.RETURN)\n            time.sleep(3)  # Espera para que la acción se complete\n            # Verificar que el mensaje de error está presente\n            error_message = driver.find_element(By.CSS_SELECTOR, \"#flash\")\n>           assert \"Yoùr username is invalido!\" in error_message.text, \"El mensaje de error no se encontró.\"\nE           AssertionError: El mensaje de error no se encontró.\nE           assert 'Yoùr username is invalido!' in 'Your username is invalid!\\n×'\nE            +  where 'Your username is invalid!\\n×' = <selenium.webdriver.remote.webelement.WebElement (session=\"8e714aa5995ed341825e20b802eb6a98\", element=\"f.6DB87DF8F66E5A45DB131FE10F9D9E92.d.15129602741839246150D2FAB6D2F436.e.30\")>.text\n\ntest_1_PruebaLoginBasico.py:88: AssertionError"}, "attachments": [{"name": "screenshot_error", "source": "66c4b6bc-8e22-4368-b08d-e92352dda94c-attachment.png", "type": "image/png"}, {"name": "stdout", "source": "c24ce1ca-ba34-4366-95a5-05bf540e25d4-attachment.txt", "type": "text/plain"}], "start": 1723236431501, "stop": 1723236436867, "uuid": "5856c034-a32d-4753-a0cb-91388c0e7df3", "historyId": "ff3053400a71334bf6a4d5dfe2b5f232", "testCaseId": "ff3053400a71334bf6a4d5dfe2b5f232", "fullName": "test_1_PruebaLoginBasico#test_login_fallo", "labels": [{"name": "feature", "value": "Login Tests"}, {"name": "suite", "value": "test_1_PruebaLoginBasico"}, {"name": "host", "value": "DESKTOP-6A7N4QP"}, {"name": "thread", "value": "4404-MainThread"}, {"name": "framework", "value": "pytest"}, {"name": "language", "value": "cpython3"}, {"name": "package", "value": "test_1_PruebaLoginBasico"}]}