{"name": "test_login_propio", "status": "broken", "statusDetails": {"message": "selenium.common.exceptions.NoSuchElementException: Message: no such element: Unable to locate element: {\"method\":\"xpath\",\"selector\":\"//div[@class='contenedor']//p[@class='ml-1 mb-0 title']\"}\n  (Session info: chrome=127.0.6533.101); For documentation on this error, please visit: https://www.selenium.dev/documentation/webdriver/troubleshooting/errors#no-such-element-exception\nStacktrace:\n\tGetHandleVerifier [0x00007FF7E6E49632+30946]\n\t(No symbol) [0x00007FF7E6DFE3C9]\n\t(No symbol) [0x00007FF7E6CF6FDA]\n\t(No symbol) [0x00007FF7E6D4822C]\n\t(No symbol) [0x00007FF7E6D4850C]\n\t(No symbol) [0x00007FF7E6D8DCB7]\n\t(No symbol) [0x00007FF7E6D6CAAF]\n\t(No symbol) [0x00007FF7E6D8B041]\n\t(No symbol) [0x00007FF7E6D6C813]\n\t(No symbol) [0x00007FF7E6D3A6E5]\n\t(No symbol) [0x00007FF7E6D3B021]\n\tGetHandleVerifier [0x00007FF7E6F7F83D+1301229]\n\tGetHandleVerifier [0x00007FF7E6F8BDB7+1351783]\n\tGetHandleVerifier [0x00007FF7E6F82A03+1313971]\n\tGetHandleVerifier [0x00007FF7E6E7DD06+245686]\n\t(No symbol) [0x00007FF7E6E0758F]\n\t(No symbol) [0x00007FF7E6E03804]\n\t(No symbol) [0x00007FF7E6E03992]\n\t(No symbol) [0x00007FF7E6DFA3EF]\n\tBaseThreadInitThunk [0x00007FF9F68C257D+29]\n\tRtlUserThreadStart [0x00007FF9F798AF28+40]", "trace": "setup_browser = <selenium.webdriver.chrome.webdriver.WebDriver (session=\"c4bd7be5a233994cad99f650685bdfd6\")>\n\n    @allure.feature('Login Tests')\n    def test_login_propio(setup_browser):\n        driver = setup_browser\n    \n        try:\n    \n            #Confirnmación de pagina colegium\n            assert \"Colegium\" in driver.title, \"Título incorrecto de la página\"\n            time.sleep(3)\n    \n            # Ingresar usuario y contraseña\n            driver.find_element(By.XPATH, \"/html[1]/body[1]/section[1]/div[2]/div[1]/div[1]/form[1]/div[1]/input[1]\").send_keys(\"pormero@colegium.com\")\n            time.sleep(1)\n            driver.find_element(By.XPATH, \"/html[1]/body[1]/section[1]/div[2]/div[1]/div[1]/form[1]/div[2]/input[1]\").send_keys(\"Pop23725\")\n    \n            time.sleep(1)\n            driver.find_element(By.XPATH, \"//button[@type='submit']\")\n            time.sleep(1)\n    \n            # Verificar que se haya iniciado sesión correctamente\n>           Colegio = driver.find_element(By.XPATH, \"//div[@class='contenedor']//p[@class='ml-1 mb-0 title']\")\n\ntest_2_LoginPropio.py:69: \n_ _ _ _ _ _ _ _ _ _ _ _ _ _ _ _ _ _ _ _ _ _ _ _ _ _ _ _ _ _ _ _ _ _ _ _ _ _ _ _ _ _ _ _ _ _ _ _ _ _ _ _ _ _ _ _ _ _ _ _ _ _ _ _ _ _ _ _ _ _ _ _ _ _ _ _ _ _ _ _ _ _ _ _ _ _ _ _ _ _ _ _ _ _ _ _ _ _ _ _ _ _ _ _ _ _ _ _ _ _ _ _ _ _ _ _ _ _ _ _ \nC:\\Users\\steve\\AppData\\Local\\Programs\\Python\\Python312\\Lib\\site-packages\\selenium\\webdriver\\remote\\webdriver.py:748: in find_element\n    return self.execute(Command.FIND_ELEMENT, {\"using\": by, \"value\": value})[\"value\"]\nC:\\Users\\steve\\AppData\\Local\\Programs\\Python\\Python312\\Lib\\site-packages\\selenium\\webdriver\\remote\\webdriver.py:354: in execute\n    self.error_handler.check_response(response)\n_ _ _ _ _ _ _ _ _ _ _ _ _ _ _ _ _ _ _ _ _ _ _ _ _ _ _ _ _ _ _ _ _ _ _ _ _ _ _ _ _ _ _ _ _ _ _ _ _ _ _ _ _ _ _ _ _ _ _ _ _ _ _ _ _ _ _ _ _ _ _ _ _ _ _ _ _ _ _ _ _ _ _ _ _ _ _ _ _ _ _ _ _ _ _ _ _ _ _ _ _ _ _ _ _ _ _ _ _ _ _ _ _ _ _ _ _ _ _ _ \n\nself = <selenium.webdriver.remote.errorhandler.ErrorHandler object at 0x00000283CA01BC50>\nresponse = {'status': 404, 'value': '{\"value\":{\"error\":\"no such element\",\"message\":\"no such element: Unable to locate element: {\\...07FF7E6DFA3EF]\\\\n\\\\tBaseThreadInitThunk [0x00007FF9F68C257D+29]\\\\n\\\\tRtlUserThreadStart [0x00007FF9F798AF28+40]\\\\n\"}}'}\n\n    def check_response(self, response: Dict[str, Any]) -> None:\n        \"\"\"Checks that a JSON response from the WebDriver does not have an\n        error.\n    \n        :Args:\n         - response - The JSON response from the WebDriver server as a dictionary\n           object.\n    \n        :Raises: If the response contains an error message.\n        \"\"\"\n        status = response.get(\"status\", None)\n        if not status or status == ErrorCode.SUCCESS:\n            return\n        value = None\n        message = response.get(\"message\", \"\")\n        screen: str = response.get(\"screen\", \"\")\n        stacktrace = None\n        if isinstance(status, int):\n            value_json = response.get(\"value\", None)\n            if value_json and isinstance(value_json, str):\n                import json\n    \n                try:\n                    value = json.loads(value_json)\n                    if len(value) == 1:\n                        value = value[\"value\"]\n                    status = value.get(\"error\", None)\n                    if not status:\n                        status = value.get(\"status\", ErrorCode.UNKNOWN_ERROR)\n                        message = value.get(\"value\") or value.get(\"message\")\n                        if not isinstance(message, str):\n                            value = message\n                            message = message.get(\"message\")\n                    else:\n                        message = value.get(\"message\", None)\n                except ValueError:\n                    pass\n    \n        exception_class: Type[WebDriverException]\n        e = ErrorCode()\n        error_codes = [item for item in dir(e) if not item.startswith(\"__\")]\n        for error_code in error_codes:\n            error_info = getattr(ErrorCode, error_code)\n            if isinstance(error_info, list) and status in error_info:\n                exception_class = getattr(ExceptionMapping, error_code, WebDriverException)\n                break\n        else:\n            exception_class = WebDriverException\n    \n        if not value:\n            value = response[\"value\"]\n        if isinstance(value, str):\n            raise exception_class(value)\n        if message == \"\" and \"message\" in value:\n            message = value[\"message\"]\n    \n        screen = None  # type: ignore[assignment]\n        if \"screen\" in value:\n            screen = value[\"screen\"]\n    \n        stacktrace = None\n        st_value = value.get(\"stackTrace\") or value.get(\"stacktrace\")\n        if st_value:\n            if isinstance(st_value, str):\n                stacktrace = st_value.split(\"\\n\")\n            else:\n                stacktrace = []\n                try:\n                    for frame in st_value:\n                        line = frame.get(\"lineNumber\", \"\")\n                        file = frame.get(\"fileName\", \"<anonymous>\")\n                        if line:\n                            file = f\"{file}:{line}\"\n                        meth = frame.get(\"methodName\", \"<anonymous>\")\n                        if \"className\" in frame:\n                            meth = f\"{frame['className']}.{meth}\"\n                        msg = \"    at %s (%s)\"\n                        msg = msg % (meth, file)\n                        stacktrace.append(msg)\n                except TypeError:\n                    pass\n        if exception_class == UnexpectedAlertPresentException:\n            alert_text = None\n            if \"data\" in value:\n                alert_text = value[\"data\"].get(\"text\")\n            elif \"alert\" in value:\n                alert_text = value[\"alert\"].get(\"text\")\n            raise exception_class(message, screen, stacktrace, alert_text)  # type: ignore[call-arg]  # mypy is not smart enough here\n>       raise exception_class(message, screen, stacktrace)\nE       selenium.common.exceptions.NoSuchElementException: Message: no such element: Unable to locate element: {\"method\":\"xpath\",\"selector\":\"//div[@class='contenedor']//p[@class='ml-1 mb-0 title']\"}\nE         (Session info: chrome=127.0.6533.101); For documentation on this error, please visit: https://www.selenium.dev/documentation/webdriver/troubleshooting/errors#no-such-element-exception\nE       Stacktrace:\nE       \tGetHandleVerifier [0x00007FF7E6E49632+30946]\nE       \t(No symbol) [0x00007FF7E6DFE3C9]\nE       \t(No symbol) [0x00007FF7E6CF6FDA]\nE       \t(No symbol) [0x00007FF7E6D4822C]\nE       \t(No symbol) [0x00007FF7E6D4850C]\nE       \t(No symbol) [0x00007FF7E6D8DCB7]\nE       \t(No symbol) [0x00007FF7E6D6CAAF]\nE       \t(No symbol) [0x00007FF7E6D8B041]\nE       \t(No symbol) [0x00007FF7E6D6C813]\nE       \t(No symbol) [0x00007FF7E6D3A6E5]\nE       \t(No symbol) [0x00007FF7E6D3B021]\nE       \tGetHandleVerifier [0x00007FF7E6F7F83D+1301229]\nE       \tGetHandleVerifier [0x00007FF7E6F8BDB7+1351783]\nE       \tGetHandleVerifier [0x00007FF7E6F82A03+1313971]\nE       \tGetHandleVerifier [0x00007FF7E6E7DD06+245686]\nE       \t(No symbol) [0x00007FF7E6E0758F]\nE       \t(No symbol) [0x00007FF7E6E03804]\nE       \t(No symbol) [0x00007FF7E6E03992]\nE       \t(No symbol) [0x00007FF7E6DFA3EF]\nE       \tBaseThreadInitThunk [0x00007FF9F68C257D+29]\nE       \tRtlUserThreadStart [0x00007FF9F798AF28+40]\n\nC:\\Users\\steve\\AppData\\Local\\Programs\\Python\\Python312\\Lib\\site-packages\\selenium\\webdriver\\remote\\errorhandler.py:229: NoSuchElementException"}, "attachments": [{"name": "screenshot_error", "source": "ab8d12f5-e5a0-4144-9119-0727088055bb-attachment.png", "type": "image/png"}, {"name": "stdout", "source": "82b209de-a8e3-42db-a552-3de0b435a237-attachment.txt", "type": "text/plain"}], "start": 1723745023402, "stop": 1723745039761, "uuid": "2eed180b-6a32-4326-9d2e-7f5c5ab4fc08", "historyId": "65d066257009b9bf5df27da262f4612c", "testCaseId": "65d066257009b9bf5df27da262f4612c", "fullName": "test_2_LoginPropio#test_login_propio", "labels": [{"name": "feature", "value": "Login Tests"}, {"name": "suite", "value": "test_2_LoginPropio"}, {"name": "host", "value": "DESKTOP-6A7N4QP"}, {"name": "thread", "value": "21520-MainThread"}, {"name": "framework", "value": "pytest"}, {"name": "language", "value": "cpython3"}, {"name": "package", "value": "test_2_LoginPropio"}]}