{"name": "test_login_propio", "status": "broken", "statusDetails": {"message": "selenium.common.exceptions.NoSuchElementException: Message: no such element: Unable to locate element: {\"method\":\"xpath\",\"selector\":\"/html[1]/body[1]/section[1]/div[2]/div[1]/div[1]/form[1]/button[1]\"}\n  (Session info: chrome=127.0.6533.100); For documentation on this error, please visit: https://www.selenium.dev/documentation/webdriver/troubleshooting/errors#no-such-element-exception\nStacktrace:\n\tGetHandleVerifier [0x00007FF636539632+30946]\n\t(No symbol) [0x00007FF6364EE3C9]\n\t(No symbol) [0x00007FF6363E6FDA]\n\t(No symbol) [0x00007FF63643822C]\n\t(No symbol) [0x00007FF63643850C]\n\t(No symbol) [0x00007FF63647DCB7]\n\t(No symbol) [0x00007FF63645CAAF]\n\t(No symbol) [0x00007FF63647B041]\n\t(No symbol) [0x00007FF63645C813]\n\t(No symbol) [0x00007FF63642A6E5]\n\t(No symbol) [0x00007FF63642B021]\n\tGetHandleVerifier [0x00007FF63666F83D+1301229]\n\tGetHandleVerifier [0x00007FF63667BDB7+1351783]\n\tGetHandleVerifier [0x00007FF636672A03+1313971]\n\tGetHandleVerifier [0x00007FF63656DD06+245686]\n\t(No symbol) [0x00007FF6364F758F]\n\t(No symbol) [0x00007FF6364F3804]\n\t(No symbol) [0x00007FF6364F3992]\n\t(No symbol) [0x00007FF6364EA3EF]\n\tBaseThreadInitThunk [0x00007FFAD316257D+29]\n\tRtlUserThreadStart [0x00007FFAD40AAF28+40]", "trace": "setup_browser = <selenium.webdriver.chrome.webdriver.WebDriver (session=\"f8a6ef7f258567cfa6dca519ead8a345\")>\n\n    @allure.feature('Login Tests')\n    def test_login_propio(setup_browser):\n        driver = setup_browser\n    \n        try:\n            assert \"Colegium\" in driver.title, \"Título incorrecto de la página\"\n            time.sleep(3)  # Espera para que la acción se complete\n            # Ingresar usuario y contraseña inválidos\n            Email = driver.find_element(By.XPATH, \"/html[1]/body[1]/section[1]/div[2]/div[1]/div[1]/form[1]/div[1]/input[1]\")\n            Email.send_keys(\"pormero@colegium.com\")\n            time.sleep(1)  # Espera para ver el texto ingresado\n            Password = driver.find_element(By.XPATH, \"/html[1]/body[1]/section[1]/div[2]/div[1]/div[1]/form[1]/div[2]/input[1]\")\n            Password.send_keys(\"Pop23725\")\n            time.sleep(1)  # Espera para ver el texto ingresado\n            Password.send_keys(Keys.RETURN)\n            time.sleep(3)  # Espera para que la acción se complete\n            # Verificar que el mensaje de error está presente\n>           Login = driver.find_element(By.XPATH, \"/html[1]/body[1]/section[1]/div[2]/div[1]/div[1]/form[1]/button[1]\")\n\ntest_2_LoginPropio.py:69: \n_ _ _ _ _ _ _ _ _ _ _ _ _ _ _ _ _ _ _ _ _ _ _ _ _ _ _ _ _ _ _ _ _ _ _ _ _ _ _ _ _ _ _ _ _ _ _ _ _ _ _ _ _ _ _ _ _ _ _ _ _ _ _ _ _ _ _ _ _ _ _ _ _ _ _ _ _ _ _ _ _ _ _ _ _ _ _ _ _ _ _ _ _ _ _ _ _ _ _ _ _ _ _ _ _ _ \nC:\\Users\\steve\\AppData\\Local\\Programs\\Python\\Python312\\Lib\\site-packages\\selenium\\webdriver\\remote\\webdriver.py:748: in find_element\n    return self.execute(Command.FIND_ELEMENT, {\"using\": by, \"value\": value})[\"value\"]\nC:\\Users\\steve\\AppData\\Local\\Programs\\Python\\Python312\\Lib\\site-packages\\selenium\\webdriver\\remote\\webdriver.py:354: in execute\n    self.error_handler.check_response(response)\n_ _ _ _ _ _ _ _ _ _ _ _ _ _ _ _ _ _ _ _ _ _ _ _ _ _ _ _ _ _ _ _ _ _ _ _ _ _ _ _ _ _ _ _ _ _ _ _ _ _ _ _ _ _ _ _ _ _ _ _ _ _ _ _ _ _ _ _ _ _ _ _ _ _ _ _ _ _ _ _ _ _ _ _ _ _ _ _ _ _ _ _ _ _ _ _ _ _ _ _ _ _ _ _ _ _ \n\nself = <selenium.webdriver.remote.errorhandler.ErrorHandler object at 0x0000023CE5A0BFB0>\nresponse = {'status': 404, 'value': '{\"value\":{\"error\":\"no such element\",\"message\":\"no such element: Unable to locate element: {\\...07FF6364EA3EF]\\\\n\\\\tBaseThreadInitThunk [0x00007FFAD316257D+29]\\\\n\\\\tRtlUserThreadStart [0x00007FFAD40AAF28+40]\\\\n\"}}'}\n\n    def check_response(self, response: Dict[str, Any]) -> None:\n        \"\"\"Checks that a JSON response from the WebDriver does not have an\n        error.\n    \n        :Args:\n         - response - The JSON response from the WebDriver server as a dictionary\n           object.\n    \n        :Raises: If the response contains an error message.\n        \"\"\"\n        status = response.get(\"status\", None)\n        if not status or status == ErrorCode.SUCCESS:\n            return\n        value = None\n        message = response.get(\"message\", \"\")\n        screen: str = response.get(\"screen\", \"\")\n        stacktrace = None\n        if isinstance(status, int):\n            value_json = response.get(\"value\", None)\n            if value_json and isinstance(value_json, str):\n                import json\n    \n                try:\n                    value = json.loads(value_json)\n                    if len(value) == 1:\n                        value = value[\"value\"]\n                    status = value.get(\"error\", None)\n                    if not status:\n                        status = value.get(\"status\", ErrorCode.UNKNOWN_ERROR)\n                        message = value.get(\"value\") or value.get(\"message\")\n                        if not isinstance(message, str):\n                            value = message\n                            message = message.get(\"message\")\n                    else:\n                        message = value.get(\"message\", None)\n                except ValueError:\n                    pass\n    \n        exception_class: Type[WebDriverException]\n        e = ErrorCode()\n        error_codes = [item for item in dir(e) if not item.startswith(\"__\")]\n        for error_code in error_codes:\n            error_info = getattr(ErrorCode, error_code)\n            if isinstance(error_info, list) and status in error_info:\n                exception_class = getattr(ExceptionMapping, error_code, WebDriverException)\n                break\n        else:\n            exception_class = WebDriverException\n    \n        if not value:\n            value = response[\"value\"]\n        if isinstance(value, str):\n            raise exception_class(value)\n        if message == \"\" and \"message\" in value:\n            message = value[\"message\"]\n    \n        screen = None  # type: ignore[assignment]\n        if \"screen\" in value:\n            screen = value[\"screen\"]\n    \n        stacktrace = None\n        st_value = value.get(\"stackTrace\") or value.get(\"stacktrace\")\n        if st_value:\n            if isinstance(st_value, str):\n                stacktrace = st_value.split(\"\\n\")\n            else:\n                stacktrace = []\n                try:\n                    for frame in st_value:\n                        line = frame.get(\"lineNumber\", \"\")\n                        file = frame.get(\"fileName\", \"<anonymous>\")\n                        if line:\n                            file = f\"{file}:{line}\"\n                        meth = frame.get(\"methodName\", \"<anonymous>\")\n                        if \"className\" in frame:\n                            meth = f\"{frame['className']}.{meth}\"\n                        msg = \"    at %s (%s)\"\n                        msg = msg % (meth, file)\n                        stacktrace.append(msg)\n                except TypeError:\n                    pass\n        if exception_class == UnexpectedAlertPresentException:\n            alert_text = None\n            if \"data\" in value:\n                alert_text = value[\"data\"].get(\"text\")\n            elif \"alert\" in value:\n                alert_text = value[\"alert\"].get(\"text\")\n            raise exception_class(message, screen, stacktrace, alert_text)  # type: ignore[call-arg]  # mypy is not smart enough here\n>       raise exception_class(message, screen, stacktrace)\nE       selenium.common.exceptions.NoSuchElementException: Message: no such element: Unable to locate element: {\"method\":\"xpath\",\"selector\":\"/html[1]/body[1]/section[1]/div[2]/div[1]/div[1]/form[1]/button[1]\"}\nE         (Session info: chrome=127.0.6533.100); For documentation on this error, please visit: https://www.selenium.dev/documentation/webdriver/troubleshooting/errors#no-such-element-exception\nE       Stacktrace:\nE       \tGetHandleVerifier [0x00007FF636539632+30946]\nE       \t(No symbol) [0x00007FF6364EE3C9]\nE       \t(No symbol) [0x00007FF6363E6FDA]\nE       \t(No symbol) [0x00007FF63643822C]\nE       \t(No symbol) [0x00007FF63643850C]\nE       \t(No symbol) [0x00007FF63647DCB7]\nE       \t(No symbol) [0x00007FF63645CAAF]\nE       \t(No symbol) [0x00007FF63647B041]\nE       \t(No symbol) [0x00007FF63645C813]\nE       \t(No symbol) [0x00007FF63642A6E5]\nE       \t(No symbol) [0x00007FF63642B021]\nE       \tGetHandleVerifier [0x00007FF63666F83D+1301229]\nE       \tGetHandleVerifier [0x00007FF63667BDB7+1351783]\nE       \tGetHandleVerifier [0x00007FF636672A03+1313971]\nE       \tGetHandleVerifier [0x00007FF63656DD06+245686]\nE       \t(No symbol) [0x00007FF6364F758F]\nE       \t(No symbol) [0x00007FF6364F3804]\nE       \t(No symbol) [0x00007FF6364F3992]\nE       \t(No symbol) [0x00007FF6364EA3EF]\nE       \tBaseThreadInitThunk [0x00007FFAD316257D+29]\nE       \tRtlUserThreadStart [0x00007FFAD40AAF28+40]\n\nC:\\Users\\steve\\AppData\\Local\\Programs\\Python\\Python312\\Lib\\site-packages\\selenium\\webdriver\\remote\\errorhandler.py:229: NoSuchElementException"}, "attachments": [{"name": "screenshot_error", "source": "b73ea07b-d696-41e6-ad54-b64756a422a2-attachment.png", "type": "image/png"}, {"name": "stdout", "source": "ae78face-6187-4013-9f5f-761cd085e199-attachment.txt", "type": "text/plain"}], "start": 1723246933027, "stop": 1723246952994, "uuid": "ba6df2e6-2a56-4082-ad87-e7d2c204ba24", "historyId": "65d066257009b9bf5df27da262f4612c", "testCaseId": "65d066257009b9bf5df27da262f4612c", "fullName": "test_2_LoginPropio#test_login_propio", "labels": [{"name": "feature", "value": "Login Tests"}, {"name": "suite", "value": "test_2_LoginPropio"}, {"name": "host", "value": "DESKTOP-6A7N4QP"}, {"name": "thread", "value": "2756-MainThread"}, {"name": "framework", "value": "pytest"}, {"name": "language", "value": "cpython3"}, {"name": "package", "value": "test_2_LoginPropio"}]}