{"name": "test_login_fallo", "status": "failed", "statusDetails": {"message": "AssertionError: El mensaje de error no se encontró.\nassert 'Your username is invalido!\\n×' in 'Your username is invalid!\\n×'\n +  where 'Your username is invalid!\\n×' = <selenium.webdriver.remote.webelement.WebElement (session=\"c377dda8f383ec9c7091180e90d76ebd\", element=\"f.D6DE1AD873AEB74B1FF34A478844BD64.d.94068E8D6661BFC7CED3A857BEE0EEAB.e.31\")>.text", "trace": "setup_browser = <selenium.webdriver.chrome.webdriver.WebDriver (session=\"c377dda8f383ec9c7091180e90d76ebd\")>\n\n    @allure.feature('Login Tests')\n    def test_login_fallo(setup_browser):\n        driver = setup_browser\n        try:\n            # Ingresar usuario y contraseña inválidos\n            username_field = driver.find_element(By.ID, \"username\")\n            username_field.send_keys(\"invaliduser\")\n            time.sleep(1)  # Espera para ver el texto ingresado\n            password_field = driver.find_element(By.ID, \"password\")\n            password_field.send_keys(\"invalidpassword\")\n            time.sleep(1)  # Espera para ver el texto ingresado\n            password_field.send_keys(Keys.RETURN)\n            time.sleep(3)  # Espera para que la acción se complete\n            # Verificar que el mensaje de error está presente\n            error_message = driver.find_element(By.CSS_SELECTOR, \"#flash\")\n>           assert \"Your username is invalido!\\n×\" in error_message.text, \"El mensaje de error no se encontró.\"\nE           AssertionError: El mensaje de error no se encontró.\nE           assert 'Your username is invalido!\\n×' in 'Your username is invalid!\\n×'\nE            +  where 'Your username is invalid!\\n×' = <selenium.webdriver.remote.webelement.WebElement (session=\"c377dda8f383ec9c7091180e90d76ebd\", element=\"f.D6DE1AD873AEB74B1FF34A478844BD64.d.94068E8D6661BFC7CED3A857BEE0EEAB.e.31\")>.text\n\ntest_1_PruebaLoginBasico.py:88: AssertionError"}, "attachments": [{"name": "screenshot_error", "source": "bfa64050-9766-4be2-a384-8af0f318e59e-attachment.png", "type": "image/png"}, {"name": "stdout", "source": "a9c51a68-8dd9-470f-8a16-36e8b9a81e8f-attachment.txt", "type": "text/plain"}], "start": 1723236795116, "stop": 1723236800513, "uuid": "9c17bbfa-5707-4c5e-855f-c3e4b03fa01c", "historyId": "ff3053400a71334bf6a4d5dfe2b5f232", "testCaseId": "ff3053400a71334bf6a4d5dfe2b5f232", "fullName": "test_1_PruebaLoginBasico#test_login_fallo", "labels": [{"name": "feature", "value": "Login Tests"}, {"name": "suite", "value": "test_1_PruebaLoginBasico"}, {"name": "host", "value": "DESKTOP-6A7N4QP"}, {"name": "thread", "value": "27748-MainThread"}, {"name": "framework", "value": "pytest"}, {"name": "language", "value": "cpython3"}, {"name": "package", "value": "test_1_PruebaLoginBasico"}]}