{"name": "test_login_fallo", "status": "failed", "statusDetails": {"message": "AssertionError: El mensaje de error no se encontró.\nassert 'Yoùr username is invalido!' in 'Your username is invalid!\\n×'\n +  where 'Your username is invalid!\\n×' = <selenium.webdriver.remote.webelement.WebElement (session=\"bf561dfba59d145214a5d738d1227b2d\", element=\"f.A14048ED73A600CC4C7D82E74FBA5A77.d.4167D50115AC9243F1F21F5314D362FF.e.30\")>.text", "trace": "setup_browser = <selenium.webdriver.chrome.webdriver.WebDriver (session=\"bf561dfba59d145214a5d738d1227b2d\")>\n\n    @allure.feature('Login Tests')\n    def test_login_fallo(setup_browser):\n        driver = setup_browser\n        try:\n            # Ingresar usuario y contraseña inválidos\n            username_field = driver.find_element(By.ID, \"username\")\n            username_field.send_keys(\"invaliduser\")\n            time.sleep(1)  # Espera para ver el texto ingresado\n            password_field = driver.find_element(By.ID, \"password\")\n            password_field.send_keys(\"invalidpassword\")\n            time.sleep(1)  # Espera para ver el texto ingresado\n            password_field.send_keys(Keys.RETURN)\n            time.sleep(3)  # Espera para que la acción se complete\n            # Verificar que el mensaje de error está presente\n            error_message = driver.find_element(By.CSS_SELECTOR, \"#flash\")\n>           assert \"Yoùr username is invalido!\" in error_message.text, \"El mensaje de error no se encontró.\"\nE           AssertionError: El mensaje de error no se encontró.\nE           assert 'Yoùr username is invalido!' in 'Your username is invalid!\\n×'\nE            +  where 'Your username is invalid!\\n×' = <selenium.webdriver.remote.webelement.WebElement (session=\"bf561dfba59d145214a5d738d1227b2d\", element=\"f.A14048ED73A600CC4C7D82E74FBA5A77.d.4167D50115AC9243F1F21F5314D362FF.e.30\")>.text\n\ntest_1_PruebaLoginBasico.py:88: AssertionError"}, "attachments": [{"name": "screenshot_error", "source": "2d7c32f0-e52d-4a60-91bd-7880cada6b58-attachment.png", "type": "image/png"}, {"name": "stdout", "source": "290a3a46-aa9a-4317-888c-f00c4adeeef1-attachment.txt", "type": "text/plain"}], "start": 1723236654375, "stop": 1723236659736, "uuid": "2dae23f2-1927-4f85-8d34-c29a002e5f2b", "historyId": "ff3053400a71334bf6a4d5dfe2b5f232", "testCaseId": "ff3053400a71334bf6a4d5dfe2b5f232", "fullName": "test_1_PruebaLoginBasico#test_login_fallo", "labels": [{"name": "feature", "value": "Login Tests"}, {"name": "suite", "value": "test_1_PruebaLoginBasico"}, {"name": "host", "value": "DESKTOP-6A7N4QP"}, {"name": "thread", "value": "25504-MainThread"}, {"name": "framework", "value": "pytest"}, {"name": "language", "value": "cpython3"}, {"name": "package", "value": "test_1_PruebaLoginBasico"}]}