{"name": "test_login_fallo", "status": "failed", "statusDetails": {"message": "AssertionError: El mensaje de error no se encontró.\nassert 'Yoùr username is invalido!' in 'Your username is invalid!\\n×'\n +  where 'Your username is invalid!\\n×' = <selenium.webdriver.remote.webelement.WebElement (session=\"444d1bdba9e010e419c06f4e37b8d9c2\", element=\"f.521F6159E9B1445A5486ADEFAE1BE312.d.D039E31856DA8C239213F39916565430.e.31\")>.text", "trace": "setup_browser = <selenium.webdriver.chrome.webdriver.WebDriver (session=\"444d1bdba9e010e419c06f4e37b8d9c2\")>\n\n    @allure.feature('Login Tests')\n    def test_login_fallo(setup_browser):\n        driver = setup_browser\n        try:\n            # Ingresar usuario y contraseña inválidos\n            username_field = driver.find_element(By.ID, \"username\")\n            username_field.send_keys(\"invaliduser\")\n            time.sleep(1)  # Espera para ver el texto ingresado\n            password_field = driver.find_element(By.ID, \"password\")\n            password_field.send_keys(\"invalidpassword\")\n            time.sleep(1)  # Espera para ver el texto ingresado\n            password_field.send_keys(Keys.RETURN)\n            time.sleep(3)  # Espera para que la acción se complete\n            # Verificar que el mensaje de error está presente\n            error_message = driver.find_element(By.CSS_SELECTOR, \"#flash\")\n>           assert \"Yoùr username is invalido!\" in error_message.text, \"El mensaje de error no se encontró.\"\nE           AssertionError: El mensaje de error no se encontró.\nE           assert 'Yoùr username is invalido!' in 'Your username is invalid!\\n×'\nE            +  where 'Your username is invalid!\\n×' = <selenium.webdriver.remote.webelement.WebElement (session=\"444d1bdba9e010e419c06f4e37b8d9c2\", element=\"f.521F6159E9B1445A5486ADEFAE1BE312.d.D039E31856DA8C239213F39916565430.e.31\")>.text\n\ntest_1_PruebaLoginBasico.py:88: AssertionError"}, "attachments": [{"name": "screenshot_error", "source": "6c727f7e-f17e-4680-8a79-22f1b84cdbc3-attachment.png", "type": "image/png"}, {"name": "stdout", "source": "45593cbd-5e67-4579-93a2-aeb2c0fc88e0-attachment.txt", "type": "text/plain"}], "start": 1723233945938, "stop": 1723233951308, "uuid": "a293fb97-9831-43ce-bd7c-4343ff4b45a7", "historyId": "ff3053400a71334bf6a4d5dfe2b5f232", "testCaseId": "ff3053400a71334bf6a4d5dfe2b5f232", "fullName": "test_1_PruebaLoginBasico#test_login_fallo", "labels": [{"name": "feature", "value": "Login Tests"}, {"name": "suite", "value": "test_1_PruebaLoginBasico"}, {"name": "host", "value": "DESKTOP-6A7N4QP"}, {"name": "thread", "value": "1876-MainThread"}, {"name": "framework", "value": "pytest"}, {"name": "language", "value": "cpython3"}, {"name": "package", "value": "test_1_PruebaLoginBasico"}]}